c:\users\rafal\documents\visual studio 2015\projects\project1\project1\debug\vc140.pdb
c:\users\rafal\documents\visual studio 2015\projects\project1\project1\debug\vc140.idb
c:\users\rafal\documents\visual studio 2015\projects\project1\project1\debug\main.obj
c:\users\rafal\documents\visual studio 2015\projects\project1\project1\debug\area.obj
c:\users\rafal\documents\visual studio 2015\projects\project1\project1\debug\camera.obj
c:\users\rafal\documents\visual studio 2015\projects\project1\project1\debug\canimation.obj
c:\users\rafal\documents\visual studio 2015\projects\project1\project1\debug\capp_oncleanup.obj
c:\users\rafal\documents\visual studio 2015\projects\project1\project1\debug\capp_onevent.obj
c:\users\rafal\documents\visual studio 2015\projects\project1\project1\debug\capp_oninit.obj
c:\users\rafal\documents\visual studio 2015\projects\project1\project1\debug\capp_onloop.obj
c:\users\rafal\documents\visual studio 2015\projects\project1\project1\debug\hero.obj
c:\users\rafal\documents\visual studio 2015\projects\project1\project1\debug\map.obj
c:\users\rafal\documents\visual studio 2015\projects\project1\project1\debug\render.obj
c:\users\rafal\documents\visual studio 2015\projects\project1\project1\debug\csurface.obj
c:\users\rafal\documents\visual studio 2015\projects\project1\project1\debug\entity.obj
c:\users\rafal\documents\visual studio 2015\projects\project1\project1\debug\point.obj
c:\users\rafal\documents\visual studio 2015\projects\project1\debug\project1.pdb
c:\users\rafal\documents\visual studio 2015\projects\project1\project1\debug\project1.tlog\cl.command.1.tlog
c:\users\rafal\documents\visual studio 2015\projects\project1\project1\debug\project1.tlog\cl.read.1.tlog
c:\users\rafal\documents\visual studio 2015\projects\project1\project1\debug\project1.tlog\cl.write.1.tlog
c:\users\rafal\documents\visual studio 2015\projects\project1\project1\debug\project1.tlog\link-cvtres.read.1.tlog
c:\users\rafal\documents\visual studio 2015\projects\project1\project1\debug\project1.tlog\link-cvtres.write.1.tlog
c:\users\rafal\documents\visual studio 2015\projects\project1\project1\debug\project1.tlog\link-rc.read.1.tlog
c:\users\rafal\documents\visual studio 2015\projects\project1\project1\debug\project1.tlog\link-rc.write.1.tlog
c:\users\rafal\documents\visual studio 2015\projects\project1\project1\debug\project1.tlog\link.3808-cvtres.read.1.tlog
c:\users\rafal\documents\visual studio 2015\projects\project1\project1\debug\project1.tlog\link.3808-cvtres.write.1.tlog
c:\users\rafal\documents\visual studio 2015\projects\project1\project1\debug\project1.tlog\link.3808-rc.read.1.tlog
c:\users\rafal\documents\visual studio 2015\projects\project1\project1\debug\project1.tlog\link.3808-rc.write.1.tlog
c:\users\rafal\documents\visual studio 2015\projects\project1\project1\debug\project1.tlog\link.3808.read.1.tlog
c:\users\rafal\documents\visual studio 2015\projects\project1\project1\debug\project1.tlog\link.3808.write.1.tlog
c:\users\rafal\documents\visual studio 2015\projects\project1\project1\debug\project1.tlog\link.command.1.tlog
c:\users\rafal\documents\visual studio 2015\projects\project1\project1\debug\project1.tlog\link.read.1.tlog
c:\users\rafal\documents\visual studio 2015\projects\project1\project1\debug\project1.tlog\link.write.1.tlog
